<?xml version="1.0" encoding="UTF-8"?>
<!-- Generated by org.testng.reporters.JUnitReportReporter -->
<testsuite skipped="0" hostname="DESKTOP-0F9R1A5" name="qaclickacademy.AppiumTest" tests="2" failures="0" timestamp="2020-11-24T03:43:52 IST" time="0.009" errors="0">
  <testcase name="iosapp" time="0.001" classname="qaclickacademy.AppiumTest"/>
  <system-out/>
  <testcase name="Androidapp" time="0.008" classname="qaclickacademy.AppiumTest"/>
  <system-out/>
</testsuite> <!-- qaclickacademy.AppiumTest -->
