<?xml version="1.0" encoding="UTF-8"?>
<!-- Generated by org.testng.reporters.JUnitReportReporter -->
<testsuite skipped="0" hostname="DESKTOP-0F9R1A5" name="qaclickacademy.RESTAPITest" tests="2" failures="0" timestamp="2020-11-24T03:43:17 IST" time="0.001" errors="0">
  <testcase name="postjira" time="0.001" classname="qaclickacademy.RESTAPITest"/>
  <system-out/>
  <testcase name="deletetwitter" time="0.000" classname="qaclickacademy.RESTAPITest"/>
  <system-out/>
</testsuite> <!-- qaclickacademy.RESTAPITest -->
